<?xml version="1.0" encoding="UTF-8"?>
<!-- Generated by org.testng.reporters.JUnitReportReporter -->
<testsuite hostname="OSIYA" failures="0" tests="1" name="testClasses.SelectFlight_TestClass" time="2.028" errors="0" timestamp="2023-07-24T16:28:22 IST" skipped="0">
  <testcase classname="testClasses.SelectFlight_TestClass" name="selectFlights" time="2.028"/>
  <system-out/>
</testsuite> <!-- testClasses.SelectFlight_TestClass -->
