<?xml version="1.0" encoding="UTF-8"?>
<!-- Generated by org.testng.reporters.JUnitReportReporter -->
<testsuite hostname="OSIYA" failures="0" tests="1" name="testClasses.ReviewPage_TestClass" time="1.524" errors="0" timestamp="2023-07-24T16:28:22 IST" skipped="0">
  <testcase classname="testClasses.ReviewPage_TestClass" name="validateDatesOnReviewPage" time="1.524"/>
  <system-out/>
</testsuite> <!-- testClasses.ReviewPage_TestClass -->
