<?xml version="1.0" encoding="UTF-8"?>
<!-- Generated by org.testng.reporters.JUnitReportReporter -->
<testsuite hostname="OSIYA" failures="0" tests="1" name="testClasses.HomePage_TestClass" time="24.804" errors="0" timestamp="2023-07-24T16:28:22 IST" skipped="0">
  <testcase classname="testClasses.HomePage_TestClass" name="enterDetailsForBooking" time="24.804"/>
  <system-out/>
</testsuite> <!-- testClasses.HomePage_TestClass -->
